0 info it worked if it ends with ok
1 verbose cli [ '/Users/raphamorim/.nvm/versions/io.js/v2.3.1/bin/iojs',
1 verbose cli   '/Users/raphamorim/.nvm/versions/io.js/v2.3.1/bin/npm',
1 verbose cli   'publish' ]
2 info using npm@2.11.3
3 info using node@v2.3.1
4 verbose publish [ '.' ]
5 silly cache add args [ '.', null ]
6 verbose cache add spec .
7 silly cache add parsed spec { raw: '.',
7 silly cache add   scope: null,
7 silly cache add   name: null,
7 silly cache add   rawSpec: '.',
7 silly cache add   spec: '/Users/raphamorim/Documents/single/qunit/hypeness',
7 silly cache add   type: 'directory' }
8 verbose addLocalDirectory /Users/raphamorim/.npm/hypeness/1.0.1/package.tgz not in flight; packing
9 verbose tar pack [ '/Users/raphamorim/.npm/hypeness/1.0.1/package.tgz',
9 verbose tar pack   '/Users/raphamorim/Documents/single/qunit/hypeness' ]
10 verbose tarball /Users/raphamorim/.npm/hypeness/1.0.1/package.tgz
11 verbose folder /Users/raphamorim/Documents/single/qunit/hypeness
12 info prepublish hypeness@1.0.1
13 verbose addLocalTarball adding from inside cache /Users/raphamorim/.npm/hypeness/1.0.1/package.tgz
14 silly cache afterAdd hypeness@1.0.1
15 verbose afterAdd /Users/raphamorim/.npm/hypeness/1.0.1/package/package.json not in flight; writing
16 verbose afterAdd /Users/raphamorim/.npm/hypeness/1.0.1/package/package.json written
17 silly publish { name: 'hypeness',
17 silly publish   version: '1.0.1',
17 silly publish   description: 'Get a random hype tool/framework/library',
17 silly publish   main: 'index.js',
17 silly publish   scripts: { test: 'echo "Error: no test specified" && exit 1' },
17 silly publish   repository:
17 silly publish    { type: 'git',
17 silly publish      url: 'git+https://github.com/raphamorim/hypeness.git' },
17 silly publish   author: { name: 'Raphael Amorim' },
17 silly publish   license: 'GPL-3.0',
17 silly publish   bugs: { url: 'https://github.com/raphamorim/hypeness/issues' },
17 silly publish   homepage: 'https://github.com/raphamorim/hypeness#readme',
17 silly publish   readme: '# hypeness\n\n> Get a random hype tool/framework/library\n\n## Install\n\nVerify if you have [node](http://nodejs.org/) and [npm](https://www.npmjs.org/) installed.\n\n##### As CLI\n\n```sh\n$ npm install -g hypeness\n```\n\n##### As Node Module\n\n```sh\n$ npm install hypeness\n```\n\n## Node Module\n\n```javascript\nvar hypeness = require(\'hypeness\');\n\nconsole.log(hypeness); // angularjs\n```\n\n## Credits:\n\nThanks [soapdog](http://github.com/soapdog) for the brilliant idea.\n',
17 silly publish   readmeFilename: 'Readme.md',
17 silly publish   gitHead: 'e8c5e04341a126242c20c8961408d190e17afb86',
17 silly publish   _id: 'hypeness@1.0.1',
17 silly publish   _shasum: '804ec2a4b50aefb0ecb787f8c4ecb380daf456b8',
17 silly publish   _from: '.' }
18 verbose getPublishConfig undefined
19 silly mapToRegistry name hypeness
20 silly mapToRegistry using default registry
21 silly mapToRegistry registry https://registry.npmjs.org/
22 silly mapToRegistry uri https://registry.npmjs.org/hypeness
23 verbose publish registryBase https://registry.npmjs.org/
24 silly publish uploading /Users/raphamorim/.npm/hypeness/1.0.1/package.tgz
25 verbose request uri https://registry.npmjs.org/hypeness
26 verbose request sending authorization for write operation
27 info attempt registry request try #1 at 22:09:22
28 verbose request id a9a2282b5d398460
29 http request PUT https://registry.npmjs.org/hypeness
30 http 403 https://registry.npmjs.org/hypeness
31 verbose headers { 'content-type': 'application/json',
31 verbose headers   'cache-control': 'max-age=300',
31 verbose headers   'content-length': '95',
31 verbose headers   'accept-ranges': 'bytes',
31 verbose headers   date: 'Wed, 27 Jan 2016 00:09:24 GMT',
31 verbose headers   via: '1.1 varnish',
31 verbose headers   connection: 'keep-alive',
31 verbose headers   'x-served-by': 'cache-atl6230-ATL',
31 verbose headers   'x-cache': 'MISS',
31 verbose headers   'x-cache-hits': '0',
31 verbose headers   'x-timer': 'S1453853363.107512,VS0,VE1223' }
32 verbose request invalidating /Users/raphamorim/.npm/registry.npmjs.org/hypeness on PUT
33 error publish Failed PUT 403
34 verbose stack Error: "You cannot publish over the previously published version 1.0.1." : hypeness
34 verbose stack     at CachingRegistryClient.<anonymous> (/Users/raphamorim/.nvm/versions/io.js/v2.3.1/lib/node_modules/npm/node_modules/npm-registry-client/lib/request.js:247:14)
34 verbose stack     at Request._callback (/Users/raphamorim/.nvm/versions/io.js/v2.3.1/lib/node_modules/npm/node_modules/npm-registry-client/lib/request.js:170:14)
34 verbose stack     at Request.self.callback (/Users/raphamorim/.nvm/versions/io.js/v2.3.1/lib/node_modules/npm/node_modules/request/request.js:354:22)
34 verbose stack     at emitTwo (events.js:87:13)
34 verbose stack     at Request.emit (events.js:172:7)
34 verbose stack     at Request.<anonymous> (/Users/raphamorim/.nvm/versions/io.js/v2.3.1/lib/node_modules/npm/node_modules/request/request.js:1207:14)
34 verbose stack     at emitOne (events.js:82:20)
34 verbose stack     at Request.emit (events.js:169:7)
34 verbose stack     at IncomingMessage.<anonymous> (/Users/raphamorim/.nvm/versions/io.js/v2.3.1/lib/node_modules/npm/node_modules/request/request.js:1153:12)
34 verbose stack     at emitNone (events.js:72:20)
35 verbose statusCode 403
36 verbose pkgid hypeness
37 verbose cwd /Users/raphamorim/Documents/single/qunit/hypeness
38 error Darwin 15.2.0
39 error argv "/Users/raphamorim/.nvm/versions/io.js/v2.3.1/bin/iojs" "/Users/raphamorim/.nvm/versions/io.js/v2.3.1/bin/npm" "publish"
40 error node v2.3.1
41 error npm  v2.11.3
42 error code E403
43 error "You cannot publish over the previously published version 1.0.1." : hypeness
44 error If you need help, you may report this error at:
44 error     <https://github.com/npm/npm/issues>
45 verbose exit [ 1, true ]
